<?xml version="1.0" encoding="UTF-8"?>
<testng-results ignored="0" total="0" passed="0" failed="0" skipped="0">
  <reporter-output>
  </reporter-output>
  <suite started-at="2019-12-11T23:27:42 MSK" name="MainTest" finished-at="2019-12-11T23:27:42 MSK" duration-ms="16">
    <groups>
    </groups>
    <test started-at="2019-12-11T23:27:42 MSK" name="Command line test" finished-at="2019-12-11T23:27:42 MSK" duration-ms="16">
    </test> <!-- Command line test -->
  </suite> <!-- MainTest -->
</testng-results>
